------------------------------------------------------------------------------------------------------------------------

[2021-02-26 13:39:31 #1 store] 
Database '/home/illuminatus503/git/BetAndRuin/BetAndRuin 21/bets.temp' is opened by 18945@illuminatus503-SF314-54

[2021-02-26 13:39:31 #2 store] 
Configuration path: ?

------------------------------------------------------------------------------------------------------------------------

[2021-02-26 13:40:55 #1 store] 
Database '/home/illuminatus503/git/BetAndRuin/BetAndRuin 21/bets.temp' is opened by 19042@illuminatus503-SF314-54

[2021-02-26 13:40:55 #2 store] 
Configuration path: ?

[2021-02-26 13:40:55 #3 type] 
Type domain.Question is not enhanced.

[2021-02-26 13:40:55 #4 type] 
Type domain.Event is not enhanced.

------------------------------------------------------------------------------------------------------------------------

[2021-02-26 13:41:43 #1 store] 
Database '/home/illuminatus503/git/BetAndRuin/BetAndRuin 21/bets.temp' is opened by 19129@illuminatus503-SF314-54

[2021-02-26 13:41:43 #2 store] 
Configuration path: ?

[2021-02-26 13:41:43 #3 type] 
Type domain.Question is not enhanced.

[2021-02-26 13:41:43 #4 type] 
Type domain.Event is not enhanced.

------------------------------------------------------------------------------------------------------------------------

[2021-02-26 13:43:46 #1 store] 
Database '/home/illuminatus503/git/BetAndRuin/BetAndRuin 21/bets.temp' is opened by 19339@illuminatus503-SF314-54

[2021-02-26 13:43:46 #2 store] 
Configuration path: ?

[2021-02-26 13:43:46 #3 type] 
Type domain.Question is not enhanced.

[2021-02-26 13:43:46 #4 type] 
Type domain.Event is not enhanced.

------------------------------------------------------------------------------------------------------------------------

[2021-02-26 13:47:01 #1 store] 
Database '/home/illuminatus503/git/BetAndRuin/BetAndRuin 21/bets.temp' is opened by 24664@illuminatus503-SF314-54

[2021-02-26 13:47:01 #2 store] 
Configuration path: ?

[2021-02-26 13:47:02 #3 type] 
Type domain.Question is not enhanced.

[2021-02-26 13:47:02 #4 type] 
Type domain.Event is not enhanced.

